# JRE version: OpenJDK Runtime Environment (8.0_152-b01) (build 1.8.0_152-release-915-b01)
# Java VM: OpenJDK 64-Bit Server VM (25.152-b01 mixed mode windows-amd64 compressed oops)
Heap:
 PSYoungGen      total 362496K, used 66655K [0x00000000e0000000, 0x00000000f8280000, 0x0000000100000000)
  eden space 337408K, 16% used [0x00000000e0000000,0x00000000e37efce0,0x00000000f4980000)
  from space 25088K, 37% used [0x00000000f6a00000,0x00000000f73280c0,0x00000000f8280000)
  to   space 29184K, 0% used [0x00000000f4980000,0x00000000f4980000,0x00000000f6600000)
 ParOldGen       total 223232K, used 106379K [0x00000000a0000000, 0x00000000ada00000, 0x00000000e0000000)
  object space 223232K, 47% used [0x00000000a0000000,0x00000000a67e2f10,0x00000000ada00000)
 Metaspace       used 91742K, capacity 101812K, committed 102104K, reserved 1136640K
  class space    used 11604K, capacity 14032K, committed 14080K, reserved 1048576K
GC Heap History (10 events):
Event: 15917.756 GC heap before
{Heap before GC invocations=58 (full 4):
 PSYoungGen      total 346624K, used 328785K [0x00000000e0000000, 0x00000000f7580000, 0x0000000100000000)
  eden space 314880K, 100% used [0x00000000e0000000,0x00000000f3380000,0x00000000f3380000)
  from space 31744K, 43% used [0x00000000f3380000,0x00000000f41145b0,0x00000000f5280000)
  to   space 30208K, 0% used [0x00000000f5800000,0x00000000f5800000,0x00000000f7580000)
 ParOldGen       total 223232K, used 104843K [0x00000000a0000000, 0x00000000ada00000, 0x00000000e0000000)
  object space 223232K, 46% used [0x00000000a0000000,0x00000000a6662e40,0x00000000ada00000)
 Metaspace       used 91346K, capacity 100994K, committed 101208K, reserved 1136640K
  class space    used 11538K, capacity 13843K, committed 13952K, reserved 1048576K
Event: 15917.893 GC heap after
Heap after GC invocations=58 (full 4):
 PSYoungGen      total 349184K, used 8352K [0x00000000e0000000, 0x00000000f7400000, 0x0000000100000000)
  eden space 320512K, 0% used [0x00000000e0000000,0x00000000e0000000,0x00000000f3900000)
  from space 28672K, 29% used [0x00000000f5800000,0x00000000f6028320,0x00000000f7400000)
  to   space 30208K, 0% used [0x00000000f3900000,0x00000000f3900000,0x00000000f5680000)
 ParOldGen       total 223232K, used 105027K [0x00000000a0000000, 0x00000000ada00000, 0x00000000e0000000)
  object space 223232K, 47% used [0x00000000a0000000,0x00000000a6690e40,0x00000000ada00000)
 Metaspace       used 91346K, capacity 100994K, committed 101208K, reserved 1136640K
  class space    used 11538K, capacity 13843K, committed 13952K, reserved 1048576K
}
Event: 16259.585 GC heap before
{Heap before GC invocations=59 (full 4):
 PSYoungGen      total 349184K, used 328864K [0x00000000e0000000, 0x00000000f7400000, 0x0000000100000000)
  eden space 320512K, 100% used [0x00000000e0000000,0x00000000f3900000,0x00000000f3900000)
  from space 28672K, 29% used [0x00000000f5800000,0x00000000f6028320,0x00000000f7400000)
  to   space 30208K, 0% used [0x00000000f3900000,0x00000000f3900000,0x00000000f5680000)
 ParOldGen       total 223232K, used 105027K [0x00000000a0000000, 0x00000000ada00000, 0x00000000e0000000)
  object space 223232K, 47% used [0x00000000a0000000,0x00000000a6690e40,0x00000000ada00000)
 Metaspace       used 91528K, capacity 101406K, committed 101464K, reserved 1136640K
  class space    used 11570K, capacity 13941K, committed 13952K, reserved 1048576K
Event: 16259.782 GC heap after
Heap after GC invocations=59 (full 4):
 PSYoungGen      total 350720K, used 10512K [0x00000000e0000000, 0x00000000f7680000, 0x0000000100000000)
  eden space 320512K, 0% used [0x00000000e0000000,0x00000000e0000000,0x00000000f3900000)
  from space 30208K, 34% used [0x00000000f3900000,0x00000000f4344350,0x00000000f5680000)
  to   space 29184K, 0% used [0x00000000f5a00000,0x00000000f5a00000,0x00000000f7680000)
 ParOldGen       total 223232K, used 105467K [0x00000000a0000000, 0x00000000ada00000, 0x00000000e0000000)
  object space 223232K, 47% used [0x00000000a0000000,0x00000000a66fee50,0x00000000ada00000)
 Metaspace       used 91528K, capacity 101406K, committed 101464K, reserved 1136640K
  class space    used 11570K, capacity 13941K, committed 13952K, reserved 1048576K
}
Event: 16554.599 GC heap before
{Heap before GC invocations=60 (full 4):
 PSYoungGen      total 350720K, used 331024K [0x00000000e0000000, 0x00000000f7680000, 0x0000000100000000)
  eden space 320512K, 100% used [0x00000000e0000000,0x00000000f3900000,0x00000000f3900000)
  from space 30208K, 34% used [0x00000000f3900000,0x00000000f4344350,0x00000000f5680000)
  to   space 29184K, 0% used [0x00000000f5a00000,0x00000000f5a00000,0x00000000f7680000)
 ParOldGen       total 223232K, used 105467K [0x00000000a0000000, 0x00000000ada00000, 0x00000000e0000000)
  object space 223232K, 47% used [0x00000000a0000000,0x00000000a66fee50,0x00000000ada00000)
 Metaspace       used 91659K, capacity 101628K, committed 101848K, reserved 1136640K
  class space    used 11593K, capacity 13992K, committed 14080K, reserved 1048576K
Event: 16554.629 GC heap after
Heap after GC invocations=60 (full 4):
 PSYoungGen      total 351744K, used 24493K [0x00000000e0000000, 0x00000000f7a80000, 0x0000000100000000)
  eden space 322560K, 0% used [0x00000000e0000000,0x00000000e0000000,0x00000000f3b00000)
  from space 29184K, 83% used [0x00000000f5a00000,0x00000000f71eb780,0x00000000f7680000)
  to   space 31744K, 0% used [0x00000000f3b00000,0x00000000f3b00000,0x00000000f5a00000)
 ParOldGen       total 223232K, used 105843K [0x00000000a0000000, 0x00000000ada00000, 0x00000000e0000000)
  object space 223232K, 47% used [0x00000000a0000000,0x00000000a675ce90,0x00000000ada00000)
 Metaspace       used 91659K, capacity 101628K, committed 101848K, reserved 1136640K
  class space    used 11593K, capacity 13992K, committed 14080K, reserved 1048576K
}
Event: 16555.044 GC heap before
{Heap before GC invocations=61 (full 4):
 PSYoungGen      total 351744K, used 346756K [0x00000000e0000000, 0x00000000f7a80000, 0x0000000100000000)
  eden space 322560K, 99% used [0x00000000e0000000,0x00000000f3ab5958,0x00000000f3b00000)
  from space 29184K, 83% used [0x00000000f5a00000,0x00000000f71eb780,0x00000000f7680000)
  to   space 31744K, 0% used [0x00000000f3b00000,0x00000000f3b00000,0x00000000f5a00000)
 ParOldGen       total 223232K, used 105843K [0x00000000a0000000, 0x00000000ada00000, 0x00000000e0000000)
  object space 223232K, 47% used [0x00000000a0000000,0x00000000a675ce90,0x00000000ada00000)
 Metaspace       used 91660K, capacity 101628K, committed 101848K, reserved 1136640K
  class space    used 11593K, capacity 13992K, committed 14080K, reserved 1048576K
Event: 16555.062 GC heap after
Heap after GC invocations=61 (full 4):
 PSYoungGen      total 354304K, used 14894K [0x00000000e0000000, 0x00000000f8700000, 0x0000000100000000)
  eden space 322560K, 0% used [0x00000000e0000000,0x00000000e0000000,0x00000000f3b00000)
  from space 31744K, 46% used [0x00000000f3b00000,0x00000000f498b838,0x00000000f5a00000)
  to   space 29696K, 0% used [0x00000000f6a00000,0x00000000f6a00000,0x00000000f8700000)
 ParOldGen       total 223232K, used 105883K [0x00000000a0000000, 0x00000000ada00000, 0x00000000e0000000)
  object space 223232K, 47% used [0x00000000a0000000,0x00000000a6766e90,0x00000000ada00000)
 Metaspace       used 91660K, capacity 101628K, committed 101848K, reserved 1136640K
  class space    used 11593K, capacity 13992K, committed 14080K, reserved 1048576K
}
Event: 16861.067 GC heap before
{Heap before GC invocations=62 (full 4):
 PSYoungGen      total 354304K, used 337454K [0x00000000e0000000, 0x00000000f8700000, 0x0000000100000000)
  eden space 322560K, 100% used [0x00000000e0000000,0x00000000f3b00000,0x00000000f3b00000)
  from space 31744K, 46% used [0x00000000f3b00000,0x00000000f498b838,0x00000000f5a00000)
  to   space 29696K, 0% used [0x00000000f6a00000,0x00000000f6a00000,0x00000000f8700000)
 ParOldGen       total 223232K, used 105883K [0x00000000a0000000, 0x00000000ada00000, 0x00000000e0000000)
  object space 223232K, 47% used [0x00000000a0000000,0x00000000a6766e90,0x00000000ada00000)
 Metaspace       used 91727K, capacity 101812K, committed 102104K, reserved 1136640K
  class space    used 11604K, capacity 14032K, committed 14080K, reserved 1048576K
Event: 16861.095 GC heap after
Heap after GC invocations=62 (full 4):
 PSYoungGen      total 362496K, used 9376K [0x00000000e0000000, 0x00000000f8280000, 0x0000000100000000)
  eden space 337408K, 0% used [0x00000000e0000000,0x00000000e0000000,0x00000000f4980000)
  from space 25088K, 37% used [0x00000000f6a00000,0x00000000f73280c0,0x00000000f8280000)
  to   space 29184K, 0% used [0x00000000f4980000,0x00000000f4980000,0x00000000f6600000)
 ParOldGen       total 223232K, used 106379K [0x00000000a0000000, 0x00000000ada00000, 0x00000000e0000000)
  object space 223232K, 47% used [0x00000000a0000000,0x00000000a67e2f10,0x00000000ada00000)
 Metaspace       used 91727K, capacity 101812K, committed 102104K, reserved 1136640K
  class space    used 11604K, capacity 14032K, committed 14080K, reserved 1048576K
}

